2024-12-08 03:43:04 - INFO - Scanning file: /tmp/test_file.txt
2024-12-08 03:43:31 - WARNING - Malware detected in file /tmp/test_file.txt.
2024-12-08 03:46:59 - INFO - Scanning file: /tmp/test_file.txt
2024-12-08 03:47:25 - WARNING - Malware detected in file /tmp/test_file.txt.
2024-12-08 03:48:16 - INFO - Scanning file: /tmp/test_file.txt
2024-12-08 03:48:44 - WARNING - Malware detected in file /tmp/test_file.txt.
2024-12-08 03:49:52 - INFO - Scanning file: /tmp/test_file.txt
2024-12-08 03:50:18 - WARNING - Malware detected in file /tmp/test_file.txt.
2024-12-08 03:51:09 - INFO - Scanning file: /tmp/test_file.txt
2024-12-08 03:51:40 - WARNING - Malware detected in file /tmp/test_file.txt.
2024-12-08 03:52:15 - INFO - Scanning file: /tmp/test_file.txt
2024-12-08 03:52:44 - WARNING - Malware detected in file /tmp/test_file.txt.
2024-12-08 03:57:18 - INFO - Scanning file: /tmp/test_file.txt
2024-12-08 03:57:44 - WARNING - Malware detected in file /tmp/test_file.txt.
2024-12-08 09:15:57 - INFO - Scanning file: /tmp/DSR-304714 - Status.txt
2024-12-08 09:16:20 - INFO - File /tmp/DSR-304714 - Status.txt is clean.
2024-12-08 09:16:36 - INFO - Scanning file: /tmp/Screenshot 2024-12-05 093530.jpg
2024-12-08 09:17:00 - INFO - File /tmp/Screenshot 2024-12-05 093530.jpg is clean.
2024-12-08 09:17:13 - INFO - Scanning file: /tmp/DOCUMENTATION.pdf
2024-12-08 09:17:59 - INFO - File /tmp/DOCUMENTATION.pdf is clean.
2024-12-08 09:18:59 - INFO - Scanning file: /tmp/Test.csv
2024-12-08 09:19:23 - INFO - File /tmp/Test.csv is clean.
2024-12-08 09:20:11 - INFO - Scanning file: /tmp/New Text Document.txt
2024-12-08 09:20:34 - INFO - File /tmp/New Text Document.txt is clean.
2024-12-08 09:20:47 - INFO - Scanning file: /tmp/New Text Document.txt
2024-12-08 09:21:11 - WARNING - Malware detected in file /tmp/New Text Document.txt.
2024-12-12 11:34:29 - INFO - Scanning file: /tmp/DSR-304714 - Status.txt
2024-12-12 11:34:53 - INFO - File /tmp/DSR-304714 - Status.txt is clean.
2024-12-12 11:36:10 - INFO - Scanning file: /tmp/test.txt
2024-12-12 11:36:36 - WARNING - Malware detected in file /tmp/test.txt.
2024-12-12 11:37:10 - INFO - Scanning file: /tmp/test.txt
2024-12-12 11:37:36 - WARNING - Malware detected in file /tmp/test.txt.
2024-12-12 11:37:58 - INFO - Scanning file: /tmp/DSR-304714 - Status.txt
2024-12-12 11:38:23 - INFO - File /tmp/DSR-304714 - Status.txt is clean.
2024-12-22 05:07:48 - INFO - Scanning file: /tmp/eicar.com
2024-12-22 05:08:12 - WARNING - Malware detected in file /tmp/eicar.com.
2024-12-22 05:08:43 - INFO - Scanning file: /tmp/PRAVEENKUMAR_B.pdf
2024-12-22 05:09:09 - INFO - File /tmp/PRAVEENKUMAR_B.pdf is clean.
2024-12-22 15:38:05 - WARNING - Did not find boundary character 32 at index 2
2024-12-22 15:38:13 - WARNING - Did not find boundary character 32 at index 2
2024-12-22 15:38:23 - WARNING - Did not find boundary character 32 at index 2
2024-12-22 15:38:49 - WARNING - Did not find boundary character 116 at index 2
2024-12-22 15:39:03 - INFO - Scanning file: /tmp/Praveenkumar B.pdf
2024-12-22 15:39:23 - INFO - File /tmp/Praveenkumar B.pdf is clean.
2024-12-22 15:40:35 - WARNING - Did not find boundary character 255 at index 2
2024-12-22 15:43:12 - INFO - Scanning file: /tmp/FoxitPDF.Pro.Patch.exe
2024-12-22 15:43:32 - INFO - File /tmp/FoxitPDF.Pro.Patch.exe is clean.
2025-03-15 08:27:31 - INFO - Scanning file: /tmp/test.txt
2025-03-15 08:27:59 - WARNING - Malware detected in file /tmp/test.txt.
2025-04-03 15:14:17 - INFO - Scanning file: /tmp/test.txt
2025-04-03 15:14:17 - WARNING - Malware detected in file /tmp/test.txt.
